cross-plataform/build/Qt_6_11_0_for_Android_arm64_v8a-Debug/android-build/build/intermediates/manifest_merge_blame_file/debug/processDebugMainManifest/manifest-merger-blame-debug-report.txt
1<?xml version="1.0" encoding="utf-8"?>
2<manifest xmlns:android="http://schemas.android.com/apk/res/android"
3    package="org.qtproject.example.linka"
4    android:installLocation="auto"
5    android:versionCode="1"
6    android:versionName="1.0" >
7
8    <uses-sdk
9        android:minSdkVersion="28"
10        android:targetSdkVersion="36" />
11
12    <uses-permission android:name="android.permission.ACCESS_NETWORK_STATE" />
12-->Qt_6_11_0_for_Android_arm64_v8a-Debug/android-build/AndroidManifest.xml:7:5-80
12-->Qt_6_11_0_for_Android_arm64_v8a-Debug/android-build/AndroidManifest.xml:7:22-76
13    <uses-permission android:name="android.permission.INTERNET" />
13-->Qt_6_11_0_for_Android_arm64_v8a-Debug/android-build/AndroidManifest.xml:8:5-68
13-->Qt_6_11_0_for_Android_arm64_v8a-Debug/android-build/AndroidManifest.xml:8:22-64
14    <uses-permission android:name="android.permission.WRITE_EXTERNAL_STORAGE" />
14-->Qt_6_11_0_for_Android_arm64_v8a-Debug/android-build/AndroidManifest.xml:9:5-82
14-->Qt_6_11_0_for_Android_arm64_v8a-Debug/android-build/AndroidManifest.xml:9:22-78
15
16    <supports-screens
16-->Qt_6_11_0_for_Android_arm64_v8a-Debug/android-build/AndroidManifest.xml:10:5-14:39
17        android:anyDensity="true"
17-->Qt_6_11_0_for_Android_arm64_v8a-Debug/android-build/AndroidManifest.xml:11:9-34
18        android:largeScreens="true"
18-->Qt_6_11_0_for_Android_arm64_v8a-Debug/android-build/AndroidManifest.xml:12:9-36
19        android:normalScreens="true"
19-->Qt_6_11_0_for_Android_arm64_v8a-Debug/android-build/AndroidManifest.xml:13:9-37
20        android:smallScreens="true" />
20-->Qt_6_11_0_for_Android_arm64_v8a-Debug/android-build/AndroidManifest.xml:14:9-36
21
22    <permission
22-->[androidx.core:core:1.17.0] AndroidManifest.xml:22:5-24:47
23        android:name="org.qtproject.example.linka.DYNAMIC_RECEIVER_NOT_EXPORTED_PERMISSION"
23-->[androidx.core:core:1.17.0] AndroidManifest.xml:23:9-81
24        android:protectionLevel="signature" />
24-->[androidx.core:core:1.17.0] AndroidManifest.xml:24:9-44
25
26    <uses-permission android:name="org.qtproject.example.linka.DYNAMIC_RECEIVER_NOT_EXPORTED_PERMISSION" />
26-->[androidx.core:core:1.17.0] AndroidManifest.xml:26:5-97
26-->[androidx.core:core:1.17.0] AndroidManifest.xml:26:22-94
27
28    <application
28-->Qt_6_11_0_for_Android_arm64_v8a-Debug/android-build/AndroidManifest.xml:15:5-53:19
29        android:name="org.qtproject.qt.android.bindings.QtApplication"
29-->Qt_6_11_0_for_Android_arm64_v8a-Debug/android-build/AndroidManifest.xml:16:9-71
30        android:allowBackup="true"
30-->Qt_6_11_0_for_Android_arm64_v8a-Debug/android-build/AndroidManifest.xml:21:9-35
31        android:appComponentFactory="androidx.core.app.CoreComponentFactory"
31-->[androidx.core:core:1.17.0] AndroidManifest.xml:28:18-86
32        android:debuggable="true"
33        android:enableOnBackInvokedCallback="false"
33-->Qt_6_11_0_for_Android_arm64_v8a-Debug/android-build/AndroidManifest.xml:20:9-52
34        android:extractNativeLibs="true"
35        android:fullBackupOnly="false"
35-->Qt_6_11_0_for_Android_arm64_v8a-Debug/android-build/AndroidManifest.xml:22:9-39
36        android:hardwareAccelerated="true"
36-->Qt_6_11_0_for_Android_arm64_v8a-Debug/android-build/AndroidManifest.xml:17:9-43
37        android:label="linka"
37-->Qt_6_11_0_for_Android_arm64_v8a-Debug/android-build/AndroidManifest.xml:18:9-30
38        android:requestLegacyExternalStorage="true" >
38-->Qt_6_11_0_for_Android_arm64_v8a-Debug/android-build/AndroidManifest.xml:19:9-52
39        <activity
39-->Qt_6_11_0_for_Android_arm64_v8a-Debug/android-build/AndroidManifest.xml:23:9-42:20
40            android:name="org.qtproject.qt.android.bindings.QtActivity"
40-->Qt_6_11_0_for_Android_arm64_v8a-Debug/android-build/AndroidManifest.xml:24:13-72
41            android:configChanges="orientation|uiMode|screenLayout|screenSize|smallestScreenSize|layoutDirection|locale|fontScale|keyboard|keyboardHidden|navigation|mcc|mnc|density"
41-->Qt_6_11_0_for_Android_arm64_v8a-Debug/android-build/AndroidManifest.xml:25:13-182
42            android:exported="true"
42-->Qt_6_11_0_for_Android_arm64_v8a-Debug/android-build/AndroidManifest.xml:29:13-36
43            android:label="linka"
43-->Qt_6_11_0_for_Android_arm64_v8a-Debug/android-build/AndroidManifest.xml:26:13-34
44            android:launchMode="singleTop"
44-->Qt_6_11_0_for_Android_arm64_v8a-Debug/android-build/AndroidManifest.xml:27:13-43
45            android:screenOrientation="unspecified" >
45-->Qt_6_11_0_for_Android_arm64_v8a-Debug/android-build/AndroidManifest.xml:28:13-52
46            <intent-filter>
46-->Qt_6_11_0_for_Android_arm64_v8a-Debug/android-build/AndroidManifest.xml:30:13-33:29
47                <action android:name="android.intent.action.MAIN" />
47-->Qt_6_11_0_for_Android_arm64_v8a-Debug/android-build/AndroidManifest.xml:31:17-69
47-->Qt_6_11_0_for_Android_arm64_v8a-Debug/android-build/AndroidManifest.xml:31:25-66
48
49                <category android:name="android.intent.category.LAUNCHER" />
49-->Qt_6_11_0_for_Android_arm64_v8a-Debug/android-build/AndroidManifest.xml:32:17-77
49-->Qt_6_11_0_for_Android_arm64_v8a-Debug/android-build/AndroidManifest.xml:32:27-74
50            </intent-filter>
51
52            <meta-data
52-->Qt_6_11_0_for_Android_arm64_v8a-Debug/android-build/AndroidManifest.xml:35:11-37:41
53                android:name="android.app.lib_name"
53-->Qt_6_11_0_for_Android_arm64_v8a-Debug/android-build/AndroidManifest.xml:36:17-52
54                android:value="linka" />
54-->Qt_6_11_0_for_Android_arm64_v8a-Debug/android-build/AndroidManifest.xml:37:17-38
55            <meta-data
55-->Qt_6_11_0_for_Android_arm64_v8a-Debug/android-build/AndroidManifest.xml:39:11-41:36
56                android:name="android.app.arguments"
56-->Qt_6_11_0_for_Android_arm64_v8a-Debug/android-build/AndroidManifest.xml:40:17-53
57                android:value="" />
57-->Qt_6_11_0_for_Android_arm64_v8a-Debug/android-build/AndroidManifest.xml:41:17-33
58        </activity>
59
60        <provider
61            android:name="androidx.core.content.FileProvider"
61-->Qt_6_11_0_for_Android_arm64_v8a-Debug/android-build/AndroidManifest.xml:45:13-62
62            android:authorities="org.qtproject.example.linka.qtprovider"
62-->Qt_6_11_0_for_Android_arm64_v8a-Debug/android-build/AndroidManifest.xml:46:13-62
63            android:exported="false"
63-->Qt_6_11_0_for_Android_arm64_v8a-Debug/android-build/AndroidManifest.xml:47:13-37
64            android:grantUriPermissions="true" >
64-->Qt_6_11_0_for_Android_arm64_v8a-Debug/android-build/AndroidManifest.xml:48:13-47
65            <meta-data
65-->Qt_6_11_0_for_Android_arm64_v8a-Debug/android-build/AndroidManifest.xml:49:13-51:59
66                android:name="android.support.FILE_PROVIDER_PATHS"
66-->Qt_6_11_0_for_Android_arm64_v8a-Debug/android-build/AndroidManifest.xml:50:17-67
67                android:resource="@xml/qtprovider_paths" />
67-->Qt_6_11_0_for_Android_arm64_v8a-Debug/android-build/AndroidManifest.xml:51:17-57
68        </provider>
69        <provider
69-->[androidx.profileinstaller:profileinstaller:1.3.0] AndroidManifest.xml:24:9-32:20
70            android:name="androidx.startup.InitializationProvider"
70-->[androidx.profileinstaller:profileinstaller:1.3.0] AndroidManifest.xml:25:13-67
71            android:authorities="org.qtproject.example.linka.androidx-startup"
71-->[androidx.profileinstaller:profileinstaller:1.3.0] AndroidManifest.xml:26:13-68
72            android:exported="false" >
72-->[androidx.profileinstaller:profileinstaller:1.3.0] AndroidManifest.xml:27:13-37
73            <meta-data
73-->[androidx.profileinstaller:profileinstaller:1.3.0] AndroidManifest.xml:29:13-31:52
74                android:name="androidx.profileinstaller.ProfileInstallerInitializer"
74-->[androidx.profileinstaller:profileinstaller:1.3.0] AndroidManifest.xml:30:17-85
75                android:value="androidx.startup" />
75-->[androidx.profileinstaller:profileinstaller:1.3.0] AndroidManifest.xml:31:17-49
76        </provider>
77
78        <receiver
78-->[androidx.profileinstaller:profileinstaller:1.3.0] AndroidManifest.xml:34:9-52:20
79            android:name="androidx.profileinstaller.ProfileInstallReceiver"
79-->[androidx.profileinstaller:profileinstaller:1.3.0] AndroidManifest.xml:35:13-76
80            android:directBootAware="false"
80-->[androidx.profileinstaller:profileinstaller:1.3.0] AndroidManifest.xml:36:13-44
81            android:enabled="true"
81-->[androidx.profileinstaller:profileinstaller:1.3.0] AndroidManifest.xml:37:13-35
82            android:exported="true"
82-->[androidx.profileinstaller:profileinstaller:1.3.0] AndroidManifest.xml:38:13-36
83            android:permission="android.permission.DUMP" >
83-->[androidx.profileinstaller:profileinstaller:1.3.0] AndroidManifest.xml:39:13-57
84            <intent-filter>
84-->[androidx.profileinstaller:profileinstaller:1.3.0] AndroidManifest.xml:40:13-42:29
85                <action android:name="androidx.profileinstaller.action.INSTALL_PROFILE" />
85-->[androidx.profileinstaller:profileinstaller:1.3.0] AndroidManifest.xml:41:17-91
85-->[androidx.profileinstaller:profileinstaller:1.3.0] AndroidManifest.xml:41:25-88
86            </intent-filter>
87            <intent-filter>
87-->[androidx.profileinstaller:profileinstaller:1.3.0] AndroidManifest.xml:43:13-45:29
88                <action android:name="androidx.profileinstaller.action.SKIP_FILE" />
88-->[androidx.profileinstaller:profileinstaller:1.3.0] AndroidManifest.xml:44:17-85
88-->[androidx.profileinstaller:profileinstaller:1.3.0] AndroidManifest.xml:44:25-82
89            </intent-filter>
90            <intent-filter>
90-->[androidx.profileinstaller:profileinstaller:1.3.0] AndroidManifest.xml:46:13-48:29
91                <action android:name="androidx.profileinstaller.action.SAVE_PROFILE" />
91-->[androidx.profileinstaller:profileinstaller:1.3.0] AndroidManifest.xml:47:17-88
91-->[androidx.profileinstaller:profileinstaller:1.3.0] AndroidManifest.xml:47:25-85
92            </intent-filter>
93            <intent-filter>
93-->[androidx.profileinstaller:profileinstaller:1.3.0] AndroidManifest.xml:49:13-51:29
94                <action android:name="androidx.profileinstaller.action.BENCHMARK_OPERATION" />
94-->[androidx.profileinstaller:profileinstaller:1.3.0] AndroidManifest.xml:50:17-95
94-->[androidx.profileinstaller:profileinstaller:1.3.0] AndroidManifest.xml:50:25-92
95            </intent-filter>
96        </receiver>
97    </application>
98
99</manifest>